<?xml version="1.0" encoding="UTF-8"?>
<!-- Generated by org.testng.reporters.JUnitReportReporter -->
<testsuite hostname="Yogesh-Pt" failures="0" tests="5" name="com.rest.testcases.TC002_GET_Single_User" time="0.266" errors="0" timestamp="2021-09-29T15:15:01 IST" skipped="0">
  <testcase classname="com.rest.testcases.TC002_GET_Single_User" name="checkBaseURIForGETSingleRequest" time="0.252"/>
  <system-out/>
  <testcase classname="com.rest.testcases.TC002_GET_Single_User" name="checkResposeBodyForGETSingleRequest" time="0.005"/>
  <system-out/>
  <testcase classname="com.rest.testcases.TC002_GET_Single_User" name="checkStatusCodeForGETSingleRequest" time="0.003"/>
  <system-out/>
  <testcase classname="com.rest.testcases.TC002_GET_Single_User" name="checkStatusLineForGETSingleRequest" time="0.003"/>
  <system-out/>
  <testcase classname="com.rest.testcases.TC002_GET_Single_User" name="checkContentTypeForGETSingleRequest" time="0.003"/>
  <system-out/>
</testsuite> <!-- com.rest.testcases.TC002_GET_Single_User -->
