<?xml version="1.0" encoding="UTF-8"?>
<!-- Generated by org.testng.reporters.JUnitReportReporter -->
<testsuite hostname="DESKTOP-0TBT5NA" failures="0" tests="1" name="org.restprjtc.TC001_GET" time="5.408" errors="0" timestamp="2021-02-15T17:49:34 IST" skipped="0">
  <testcase classname="org.restprjtc.TC001_GET" name="TC_001" time="5.408"/>
  <system-out/>
</testsuite> <!-- org.restprjtc.TC001_GET -->
