<?xml version="1.0" encoding="UTF-8"?>
<!-- Generated by org.testng.reporters.JUnitReportReporter -->
<testsuite hostname="Yogesh-Pt" failures="0" tests="5" name="com.reqres.testCases.TC004_POST_Create_User" time="2.604" errors="0" timestamp="2021-02-18T16:21:01 IST" skipped="0">
  <testcase classname="com.reqres.testCases.TC004_POST_Create_User" name="shouldBeAbleToCreateNewUser" time="2.585"/>
  <system-out/>
  <testcase classname="com.reqres.testCases.TC004_POST_Create_User" name="verifyResponse" time="0.014"/>
  <system-out/>
  <testcase classname="com.reqres.testCases.TC004_POST_Create_User" name="checkResponseStatusCode" time="0.001"/>
  <system-out/>
  <testcase classname="com.reqres.testCases.TC004_POST_Create_User" name="checkStatusLine" time="0.002"/>
  <system-out/>
  <testcase classname="com.reqres.testCases.TC004_POST_Create_User" name="checkContentType" time="0.002"/>
  <system-out/>
</testsuite> <!-- com.reqres.testCases.TC004_POST_Create_User -->
