<?xml version="1.0" encoding="UTF-8"?>
<!-- Generated by org.testng.reporters.JUnitReportReporter -->
<testsuite hostname="DESKTOP-0TBT5NA" failures="0" tests="6" name="com.reqres.testCases.TC002_GET_Single_User" time="0.376" errors="0" timestamp="2021-02-17T10:39:50 IST" skipped="1">
  <testcase classname="com.reqres.testCases.TC002_GET_Single_User" name="TC_002_getBaseURI" time="0.368"/>
  <system-out/>
  <testcase classname="com.reqres.testCases.TC002_GET_Single_User" name="TC_002_checkResposeBody" time="0.004"/>
  <system-out/>
  <testcase classname="com.reqres.testCases.TC002_GET_Single_User" name="TC_002_checkStatusCode" time="0.001"/>
  <system-out/>
  <testcase classname="com.reqres.testCases.TC002_GET_Single_User" name="TC_002_checkStatusLine" time="0.002"/>
  <system-out/>
  <testcase classname="com.reqres.testCases.TC002_GET_Single_User" name="TC_002_checkContentType" time="0.001"/>
  <system-out/>
  <testcase classname="com.reqres.testCases.TC002_GET_Single_User" name="TC_002_checkContentEncoding">
    <skipped/>
  </testcase> <!-- TC_002_checkContentEncoding -->
  <system-out/>
</testsuite> <!-- com.reqres.testCases.TC002_GET_Single_User -->
