<?xml version="1.0" encoding="UTF-8"?>
<!-- Generated by org.testng.reporters.JUnitReportReporter -->
<testsuite hostname="Yogesh-Pt" failures="0" tests="5" name="com.rest.testcases.TC004_POST_Create_User" time="0.529" errors="0" timestamp="2021-09-29T15:15:01 IST" skipped="0">
  <testcase classname="com.rest.testcases.TC004_POST_Create_User" name="createUserByPOSTRequest" time="0.519"/>
  <system-out/>
  <testcase classname="com.rest.testcases.TC004_POST_Create_User" name="verifyResponseForPOSTRequest" time="0.005"/>
  <system-out/>
  <testcase classname="com.rest.testcases.TC004_POST_Create_User" name="checkResponseStatusCodeForPOSTRequest" time="0.001"/>
  <system-out/>
  <testcase classname="com.rest.testcases.TC004_POST_Create_User" name="checkStatusLineForPOSTRequest" time="0.002"/>
  <system-out/>
  <testcase classname="com.rest.testcases.TC004_POST_Create_User" name="checkContentTypeForPOSTRequest" time="0.002"/>
  <system-out/>
</testsuite> <!-- com.rest.testcases.TC004_POST_Create_User -->
