<?xml version="1.0" encoding="UTF-8"?>
<!-- Generated by org.testng.reporters.JUnitReportReporter -->
<testsuite hostname="Yogesh-Pt" failures="0" tests="5" name="com.rest.testcases.TC006_PATCH_Partial_User_Update" time="0.670" errors="0" timestamp="2021-09-29T15:15:01 IST" skipped="0">
  <testcase classname="com.rest.testcases.TC006_PATCH_Partial_User_Update" name="partialUserUpdateWithPATCHRequest" time="0.667"/>
  <system-out/>
  <testcase classname="com.rest.testcases.TC006_PATCH_Partial_User_Update" name="verifyResponseForPATCHRequest" time="0.002"/>
  <system-out/>
  <testcase classname="com.rest.testcases.TC006_PATCH_Partial_User_Update" name="checkResponseStatusCodeForPATCHRequest" time="0.000"/>
  <system-out/>
  <testcase classname="com.rest.testcases.TC006_PATCH_Partial_User_Update" name="checkStatusLineForPATCHRequest" time="0.001"/>
  <system-out/>
  <testcase classname="com.rest.testcases.TC006_PATCH_Partial_User_Update" name="checkContentTypeForPATCHRequest" time="0.000"/>
  <system-out/>
</testsuite> <!-- com.rest.testcases.TC006_PATCH_Partial_User_Update -->
