<?xml version="1.0" encoding="UTF-8"?>
<!-- Generated by org.testng.reporters.JUnitReportReporter -->
<testsuite hostname="Yogesh-Pt" failures="0" tests="4" name="com.rest.testcases.TC007_DELETE_User" time="0.693" errors="0" timestamp="2021-09-29T15:15:01 IST" skipped="0">
  <testcase classname="com.rest.testcases.TC007_DELETE_User" name="deleteUserRecord" time="0.684"/>
  <system-out/>
  <testcase classname="com.rest.testcases.TC007_DELETE_User" name="verifyResponseForDELETERequest" time="0.004"/>
  <system-out/>
  <testcase classname="com.rest.testcases.TC007_DELETE_User" name="checkResponseStatusCodeForDELETERequest" time="0.002"/>
  <system-out/>
  <testcase classname="com.rest.testcases.TC007_DELETE_User" name="checkStatusLineForDELETERequest" time="0.003"/>
  <system-out/>
</testsuite> <!-- com.rest.testcases.TC007_DELETE_User -->
