<?xml version="1.0" encoding="UTF-8"?>
<!-- Generated by org.testng.reporters.JUnitReportReporter -->
<testsuite hostname="DESKTOP-0TBT5NA" failures="0" tests="3" name="com.reqres.testCases.TC003_GET_Single_User_Not_Found" time="5.145" errors="0" timestamp="2021-02-16T17:44:48 IST" skipped="0">
  <testcase classname="com.reqres.testCases.TC003_GET_Single_User_Not_Found" name="TC_003_getBaseURI" time="5.129"/>
  <system-out/>
  <testcase classname="com.reqres.testCases.TC003_GET_Single_User_Not_Found" name="TC_003_checkResposeBody" time="0.012"/>
  <system-out/>
  <testcase classname="com.reqres.testCases.TC003_GET_Single_User_Not_Found" name="TC_003_checkStatusCode" time="0.004"/>
  <system-out/>
</testsuite> <!-- com.reqres.testCases.TC003_GET_Single_User_Not_Found -->
