<?xml version="1.0" encoding="UTF-8"?>
<!-- Generated by org.testng.reporters.JUnitReportReporter -->
<testsuite hostname="Yogesh-Pt" failures="0" tests="3" name="com.rest.testcases.TC003_GET_User_Not_Found" time="0.463" errors="0" timestamp="2021-09-29T15:15:01 IST" skipped="0">
  <testcase classname="com.rest.testcases.TC003_GET_User_Not_Found" name="checkBaseURIForGETUserNotFound" time="0.455"/>
  <system-out/>
  <testcase classname="com.rest.testcases.TC003_GET_User_Not_Found" name="checkResposeBodyForGETUserNotFound" time="0.006"/>
  <system-out/>
  <testcase classname="com.rest.testcases.TC003_GET_User_Not_Found" name="checkStatusCodeForGETUserNotFound" time="0.002"/>
  <system-out/>
</testsuite> <!-- com.rest.testcases.TC003_GET_User_Not_Found -->
