<?xml version="1.0" encoding="UTF-8"?>
<!-- Generated by org.testng.reporters.JUnitReportReporter -->
<testsuite hostname="DESKTOP-0TBT5NA" failures="0" tests="3" name="com.reqres.testCases.TC003_GET_User_Not_Found" time="1.487" errors="0" timestamp="2021-02-17T10:39:50 IST" skipped="0">
  <testcase classname="com.reqres.testCases.TC003_GET_User_Not_Found" name="TC_003_getBaseURI" time="1.483"/>
  <system-out/>
  <testcase classname="com.reqres.testCases.TC003_GET_User_Not_Found" name="TC_003_checkResposeBody" time="0.003"/>
  <system-out/>
  <testcase classname="com.reqres.testCases.TC003_GET_User_Not_Found" name="TC_003_checkStatusCode" time="0.001"/>
  <system-out/>
</testsuite> <!-- com.reqres.testCases.TC003_GET_User_Not_Found -->
