<?xml version="1.0" encoding="UTF-8"?>
<!-- Generated by org.testng.reporters.JUnitReportReporter -->
<testsuite hostname="Yogesh-Pt" failures="0" tests="5" name="com.rest.testcases.TC001_GET_List_of_Users" time="1.615" errors="0" timestamp="2021-09-29T15:15:01 IST" skipped="0">
  <testcase classname="com.rest.testcases.TC001_GET_List_of_Users" name="checkBaseURIForGETAllRequest" time="1.604"/>
  <system-out/>
  <testcase classname="com.rest.testcases.TC001_GET_List_of_Users" name="checkAllUsersResponseForGETRequest" time="0.006"/>
  <system-out/>
  <testcase classname="com.rest.testcases.TC001_GET_List_of_Users" name="checkStatusCodeForGETAllUserRequest" time="0.001"/>
  <system-out/>
  <testcase classname="com.rest.testcases.TC001_GET_List_of_Users" name="checkStatusLineForGETAllUserRequest" time="0.002"/>
  <system-out/>
  <testcase classname="com.rest.testcases.TC001_GET_List_of_Users" name="checkContentTypeForGETAllUserRequest" time="0.002"/>
  <system-out/>
</testsuite> <!-- com.rest.testcases.TC001_GET_List_of_Users -->
