<?xml version="1.0" encoding="UTF-8"?>
<!-- Generated by org.testng.reporters.JUnitReportReporter -->
<testsuite hostname="Yogesh-Pt" failures="0" tests="4" name="com.rest.testcases.TC006_DELETE_User" time="2.067" errors="0" timestamp="2021-02-18T18:13:55 IST" skipped="0">
  <testcase classname="com.rest.testcases.TC006_DELETE_User" name="shouldBeAbleToUpdateUserDetails" time="2.062"/>
  <system-out/>
  <testcase classname="com.rest.testcases.TC006_DELETE_User" name="verifyResponse" time="0.003"/>
  <system-out/>
  <testcase classname="com.rest.testcases.TC006_DELETE_User" name="checkResponseStatusCode" time="0.001"/>
  <system-out/>
  <testcase classname="com.rest.testcases.TC006_DELETE_User" name="checkStatusLine" time="0.001"/>
  <system-out/>
</testsuite> <!-- com.rest.testcases.TC006_DELETE_User -->
