<?xml version="1.0" encoding="UTF-8"?>
<!-- Generated by org.testng.reporters.JUnitReportReporter -->
<testsuite hostname="Yogesh-Pt" failures="0" tests="5" name="com.rest.testcases.TC005_PUT_Update_User" time="0.411" errors="0" timestamp="2021-09-29T15:15:01 IST" skipped="0">
  <testcase classname="com.rest.testcases.TC005_PUT_Update_User" name="userUpdateWithPUTRequest" time="0.404"/>
  <system-out/>
  <testcase classname="com.rest.testcases.TC005_PUT_Update_User" name="verifyResponseForPUTRequest" time="0.002"/>
  <system-out/>
  <testcase classname="com.rest.testcases.TC005_PUT_Update_User" name="checkResponseStatusCodeForPUTRequest" time="0.001"/>
  <system-out/>
  <testcase classname="com.rest.testcases.TC005_PUT_Update_User" name="checkStatusLineForPUTRequest" time="0.002"/>
  <system-out/>
  <testcase classname="com.rest.testcases.TC005_PUT_Update_User" name="checkContentTypeForPUTRequest" time="0.002"/>
  <system-out/>
</testsuite> <!-- com.rest.testcases.TC005_PUT_Update_User -->
