<?xml version="1.0" encoding="UTF-8"?>
<!-- Generated by org.testng.reporters.JUnitReportReporter -->
<testsuite hostname="Yogesh-Pt" failures="0" tests="5" name="com.reqres.testCases.TC001_GET_List_of_Users" time="2.008" errors="0" timestamp="2021-02-18T16:29:20 IST" skipped="0">
  <testcase classname="com.reqres.testCases.TC001_GET_List_of_Users" name="getBaseURI" time="1.997"/>
  <system-out/>
  <testcase classname="com.reqres.testCases.TC001_GET_List_of_Users" name="verifyRespose" time="0.006"/>
  <system-out/>
  <testcase classname="com.reqres.testCases.TC001_GET_List_of_Users" name="checkResponseStatusCode" time="0.002"/>
  <system-out/>
  <testcase classname="com.reqres.testCases.TC001_GET_List_of_Users" name="checkStatusLine" time="0.002"/>
  <system-out/>
  <testcase classname="com.reqres.testCases.TC001_GET_List_of_Users" name="checkContentType" time="0.001"/>
  <system-out/>
</testsuite> <!-- com.reqres.testCases.TC001_GET_List_of_Users -->
