<?xml version="1.0" encoding="UTF-8"?>
<!-- Generated by org.testng.reporters.JUnitReportReporter -->
<testsuite hostname="Yogesh-Pt" failures="0" tests="1" name="com.rest.testcases.TC004_POST_Create_User" time="1.376" errors="0" timestamp="23 Feb 2021 12:40:50 GMT" skipped="0">
  <testcase classname="com.rest.testcases.TC004_POST_Create_User" name="createUserByPOSTRequest" time="1.376"/>
</testsuite> <!-- com.rest.testcases.TC004_POST_Create_User -->
