<?xml version="1.0" encoding="UTF-8"?>
<!-- Generated by org.testng.reporters.JUnitReportReporter -->
<testsuite hostname="Yogesh-Pt" failures="0" tests="1" name="com.rest.testcases.TC003_GET_User_Not_Found" time="0.261" errors="0" timestamp="23 Feb 2021 12:40:50 GMT" skipped="0">
  <testcase classname="com.rest.testcases.TC003_GET_User_Not_Found" name="checkBaseURIForGETUserNotFound" time="0.261"/>
</testsuite> <!-- com.rest.testcases.TC003_GET_User_Not_Found -->
